\BOOKMARK [0][-]{chapter.1}{\376\377\000H\000i\000e\000r\000a\000r\000c\000h\000i\000c\000a\000l\000\040\000I\000n\000d\000e\000x}{}% 1
\BOOKMARK [1][-]{section.1.1}{\376\377\000C\000l\000a\000s\000s\000\040\000H\000i\000e\000r\000a\000r\000c\000h\000y}{chapter.1}% 2
\BOOKMARK [0][-]{chapter.2}{\376\377\000C\000l\000a\000s\000s\000\040\000I\000n\000d\000e\000x}{}% 3
\BOOKMARK [1][-]{section.2.1}{\376\377\000C\000l\000a\000s\000s\000\040\000L\000i\000s\000t}{chapter.2}% 4
\BOOKMARK [0][-]{chapter.3}{\376\377\000F\000i\000l\000e\000\040\000I\000n\000d\000e\000x}{}% 5
\BOOKMARK [1][-]{section.3.1}{\376\377\000F\000i\000l\000e\000\040\000L\000i\000s\000t}{chapter.3}% 6
\BOOKMARK [0][-]{chapter.4}{\376\377\000C\000l\000a\000s\000s\000\040\000D\000o\000c\000u\000m\000e\000n\000t\000a\000t\000i\000o\000n}{}% 7
\BOOKMARK [1][-]{section.4.1}{\376\377\000A\000p\000p\000D\000e\000l\000e\000g\000a\000t\000e\000\040\000C\000l\000a\000s\000s\000\040\000R\000e\000f\000e\000r\000e\000n\000c\000e}{chapter.4}% 8
\BOOKMARK [1][-]{section.4.2}{\376\377\000A\000p\000p\000D\000e\000l\000e\000g\000a\000t\000e\000\050\000\051\000\040\000C\000a\000t\000e\000g\000o\000r\000y\000\040\000R\000e\000f\000e\000r\000e\000n\000c\000e}{chapter.4}% 9
\BOOKMARK [1][-]{section.4.3}{\376\377\000B\000T\000D\000i\000s\000c\000o\000v\000e\000r\000\040\000C\000l\000a\000s\000s\000\040\000R\000e\000f\000e\000r\000e\000n\000c\000e}{chapter.4}% 10
\BOOKMARK [2][-]{subsection.4.3.1}{\376\377\000D\000e\000t\000a\000i\000l\000e\000d\000\040\000D\000e\000s\000c\000r\000i\000p\000t\000i\000o\000n}{section.4.3}% 11
\BOOKMARK [2][-]{subsection.4.3.2}{\376\377\000M\000e\000t\000h\000o\000d\000\040\000D\000o\000c\000u\000m\000e\000n\000t\000a\000t\000i\000o\000n}{section.4.3}% 12
\BOOKMARK [3][-]{subsubsection.4.3.2.1}{\376\377\000c\000e\000n\000t\000r\000a\000l\000M\000a\000n\000a\000g\000e\000r\000:\000d\000i\000d\000C\000o\000n\000n\000e\000c\000t\000P\000e\000r\000i\000p\000h\000e\000r\000a\000l\000:}{subsection.4.3.2}% 13
\BOOKMARK [3][-]{subsubsection.4.3.2.2}{\376\377\000c\000e\000n\000t\000r\000a\000l\000M\000a\000n\000a\000g\000e\000r\000:\000d\000i\000d\000D\000i\000s\000c\000o\000n\000n\000e\000c\000t\000P\000e\000r\000i\000p\000h\000e\000r\000a\000l\000:\000e\000r\000r\000o\000r\000:}{subsection.4.3.2}% 14
\BOOKMARK [3][-]{subsubsection.4.3.2.3}{\376\377\000c\000e\000n\000t\000r\000a\000l\000M\000a\000n\000a\000g\000e\000r\000:\000d\000i\000d\000D\000i\000s\000c\000o\000v\000e\000r\000P\000e\000r\000i\000p\000h\000e\000r\000a\000l\000:\000a\000d\000v\000e\000r\000t\000i\000s\000e\000m\000e\000n\000t\000D\000a\000t\000a\000:\000R\000S\000S\000I\000:}{subsection.4.3.2}% 15
\BOOKMARK [3][-]{subsubsection.4.3.2.4}{\376\377\000c\000e\000n\000t\000r\000a\000l\000M\000a\000n\000a\000g\000e\000r\000D\000i\000d\000U\000p\000d\000a\000t\000e\000S\000t\000a\000t\000e\000:}{subsection.4.3.2}% 16
\BOOKMARK [3][-]{subsubsection.4.3.2.5}{\376\377\000s\000c\000a\000n\000F\000o\000r\000W\000r\000i\000s\000t\000b\000a\000n\000d}{subsection.4.3.2}% 17
\BOOKMARK [2][-]{subsection.4.3.3}{\376\377\000P\000r\000o\000p\000e\000r\000t\000y\000\040\000D\000o\000c\000u\000m\000e\000n\000t\000a\000t\000i\000o\000n}{section.4.3}% 18
\BOOKMARK [3][-]{subsubsection.4.3.3.1}{\376\377\000b\000t\000\137\000p\000e\000r\000i\000p\000h}{subsection.4.3.3}% 19
\BOOKMARK [3][-]{subsubsection.4.3.3.2}{\376\377\000m\000a\000n\000a\000g\000e\000r}{subsection.4.3.3}% 20
\BOOKMARK [3][-]{subsubsection.4.3.3.3}{\376\377\000w\000r\000i\000s\000t\000b\000a\000n\000d}{subsection.4.3.3}% 21
\BOOKMARK [1][-]{section.4.4}{\376\377\000B\000T\000S\000e\000n\000d\000R\000e\000c\000\040\000C\000l\000a\000s\000s\000\040\000R\000e\000f\000e\000r\000e\000n\000c\000e}{chapter.4}% 22
\BOOKMARK [2][-]{subsection.4.4.1}{\376\377\000D\000e\000t\000a\000i\000l\000e\000d\000\040\000D\000e\000s\000c\000r\000i\000p\000t\000i\000o\000n}{section.4.4}% 23
\BOOKMARK [2][-]{subsection.4.4.2}{\376\377\000M\000e\000t\000h\000o\000d\000\040\000D\000o\000c\000u\000m\000e\000n\000t\000a\000t\000i\000o\000n}{section.4.4}% 24
\BOOKMARK [3][-]{subsubsection.4.4.2.1}{\376\377\000d\000i\000s\000t\000a\000n\000c\000e\000:\000s\000e\000c\000o\000n\000d\000P\000o\000i\000n\000t\000:}{subsection.4.4.2}% 25
\BOOKMARK [3][-]{subsubsection.4.4.2.2}{\376\377\000t\000i\000m\000e\000:\000e\000n\000d\000T\000i\000m\000e\000:}{subsection.4.4.2}% 26
\BOOKMARK [3][-]{subsubsection.4.4.2.3}{\376\377\000w\000r\000i\000t\000e\000F\000i\000l\000e\000:\000t\000o\000D\000a\000t\000a\000b\000a\000s\000e\000:}{subsection.4.4.2}% 27
\BOOKMARK [1][-]{section.4.5}{\376\377\000B\000T\000S\000e\000n\000d\000R\000e\000c\000\050\000\051\000\040\000C\000a\000t\000e\000g\000o\000r\000y\000\040\000R\000e\000f\000e\000r\000e\000n\000c\000e}{chapter.4}% 28
\BOOKMARK [1][-]{section.4.6}{\376\377\000D\000a\000t\000a\000b\000a\000s\000e\000\040\000C\000l\000a\000s\000s\000\040\000R\000e\000f\000e\000r\000e\000n\000c\000e}{chapter.4}% 29
\BOOKMARK [2][-]{subsection.4.6.1}{\376\377\000D\000e\000t\000a\000i\000l\000e\000d\000\040\000D\000e\000s\000c\000r\000i\000p\000t\000i\000o\000n}{section.4.6}% 30
\BOOKMARK [2][-]{subsection.4.6.2}{\376\377\000M\000e\000t\000h\000o\000d\000\040\000D\000o\000c\000u\000m\000e\000n\000t\000a\000t\000i\000o\000n}{section.4.6}% 31
\BOOKMARK [3][-]{subsubsection.4.6.2.1}{\376\377\000i\000n\000i\000t\000\137\000d\000b\000f\000i\000l\000e\000:}{subsection.4.6.2}% 32
\BOOKMARK [3][-]{subsubsection.4.6.2.2}{\376\377\000q\000u\000e\000r\000y\000:}{subsection.4.6.2}% 33
\BOOKMARK [2][-]{subsection.4.6.3}{\376\377\000P\000r\000o\000p\000e\000r\000t\000y\000\040\000D\000o\000c\000u\000m\000e\000n\000t\000a\000t\000i\000o\000n}{section.4.6}% 34
\BOOKMARK [3][-]{subsubsection.4.6.3.1}{\376\377\000c\000o\000l\000u\000m\000n\000s}{subsection.4.6.3}% 35
\BOOKMARK [3][-]{subsubsection.4.6.3.2}{\376\377\000f\000i\000l\000e}{subsection.4.6.3}% 36
\BOOKMARK [3][-]{subsubsection.4.6.3.3}{\376\377\000l\000a\000s\000t\000\137\000r\000o\000w\000i\000d}{subsection.4.6.3}% 37
\BOOKMARK [3][-]{subsubsection.4.6.3.4}{\376\377\000r\000e\000s\000u\000l\000t\000s}{subsection.4.6.3}% 38
\BOOKMARK [1][-]{section.4.7}{\376\377\000R\000o\000u\000t\000e\000I\000n\000f\000o\000V\000i\000e\000w\000C\000o\000n\000t\000r\000o\000l\000l\000e\000r\000\040\000C\000l\000a\000s\000s\000\040\000R\000e\000f\000e\000r\000e\000n\000c\000e}{chapter.4}% 39
\BOOKMARK [2][-]{subsection.4.7.1}{\376\377\000D\000e\000t\000a\000i\000l\000e\000d\000\040\000D\000e\000s\000c\000r\000i\000p\000t\000i\000o\000n}{section.4.7}% 40
\BOOKMARK [2][-]{subsection.4.7.2}{\376\377\000M\000e\000t\000h\000o\000d\000\040\000D\000o\000c\000u\000m\000e\000n\000t\000a\000t\000i\000o\000n}{section.4.7}% 41
\BOOKMARK [3][-]{subsubsection.4.7.2.1}{\376\377\000l\000o\000a\000d\000R\000o\000u\000t\000e\000D\000a\000t\000a}{subsection.4.7.2}% 42
\BOOKMARK [2][-]{subsection.4.7.3}{\376\377\000P\000r\000o\000p\000e\000r\000t\000y\000\040\000D\000o\000c\000u\000m\000e\000n\000t\000a\000t\000i\000o\000n}{section.4.7}% 43
\BOOKMARK [3][-]{subsubsection.4.7.3.1}{\376\377\000a\000r\000r\000R\000o\000u\000t\000e\000C\000o\000o\000r\000d}{subsection.4.7.3}% 44
\BOOKMARK [3][-]{subsubsection.4.7.3.2}{\376\377\000d\000b\000M\000a\000n\000a\000g\000e\000r}{subsection.4.7.3}% 45
\BOOKMARK [3][-]{subsubsection.4.7.3.3}{\376\377\000m\000a\000p\000V\000i\000e\000w}{subsection.4.7.3}% 46
\BOOKMARK [3][-]{subsubsection.4.7.3.4}{\376\377\000r\000o\000u\000t\000e\000I\000D}{subsection.4.7.3}% 47
\BOOKMARK [1][-]{section.4.8}{\376\377\000R\000o\000u\000t\000e\000I\000n\000f\000o\000V\000i\000e\000w\000C\000o\000n\000t\000r\000o\000l\000l\000e\000r\000\050\000\051\000\040\000C\000a\000t\000e\000g\000o\000r\000y\000\040\000R\000e\000f\000e\000r\000e\000n\000c\000e}{chapter.4}% 48
\BOOKMARK [1][-]{section.4.9}{\376\377\000R\000o\000u\000t\000e\000s\000V\000i\000e\000w\000C\000o\000n\000t\000r\000o\000l\000l\000e\000r\000\040\000C\000l\000a\000s\000s\000\040\000R\000e\000f\000e\000r\000e\000n\000c\000e}{chapter.4}% 49
\BOOKMARK [1][-]{section.4.10}{\376\377\000R\000o\000u\000t\000e\000s\000V\000i\000e\000w\000C\000o\000n\000t\000r\000o\000l\000l\000e\000r\000\050\000\051\000\040\000C\000a\000t\000e\000g\000o\000r\000y\000\040\000R\000e\000f\000e\000r\000e\000n\000c\000e}{chapter.4}% 50
\BOOKMARK [2][-]{subsection.4.10.1}{\376\377\000D\000e\000t\000a\000i\000l\000e\000d\000\040\000D\000e\000s\000c\000r\000i\000p\000t\000i\000o\000n}{section.4.10}% 51
\BOOKMARK [2][-]{subsection.4.10.2}{\376\377\000M\000e\000t\000h\000o\000d\000\040\000D\000o\000c\000u\000m\000e\000n\000t\000a\000t\000i\000o\000n}{section.4.10}% 52
\BOOKMARK [3][-]{subsubsection.4.10.2.1}{\376\377\000l\000o\000a\000d\000D\000a\000t\000a}{subsection.4.10.2}% 53
\BOOKMARK [2][-]{subsection.4.10.3}{\376\377\000P\000r\000o\000p\000e\000r\000t\000y\000\040\000D\000o\000c\000u\000m\000e\000n\000t\000a\000t\000i\000o\000n}{section.4.10}% 54
\BOOKMARK [3][-]{subsubsection.4.10.3.1}{\376\377\000a\000r\000r\000R\000o\000u\000t\000e\000s\000I\000n\000f\000o}{subsection.4.10.3}% 55
\BOOKMARK [3][-]{subsubsection.4.10.3.2}{\376\377\000d\000b\000M\000a\000n\000a\000g\000e\000r}{subsection.4.10.3}% 56
\BOOKMARK [3][-]{subsubsection.4.10.3.3}{\376\377\000r\000o\000u\000t\000e\000I\000D}{subsection.4.10.3}% 57
\BOOKMARK [3][-]{subsubsection.4.10.3.4}{\376\377\000t\000b\000l\000R\000o\000u\000t\000e\000s}{subsection.4.10.3}% 58
\BOOKMARK [1][-]{section.4.11}{\376\377\000S\000e\000t\000t\000i\000n\000g\000s\000V\000i\000e\000w\000C\000o\000n\000t\000r\000o\000l\000l\000e\000r\000\040\000C\000l\000a\000s\000s\000\040\000R\000e\000f\000e\000r\000e\000n\000c\000e}{chapter.4}% 59
\BOOKMARK [1][-]{section.4.12}{\376\377\000S\000e\000t\000t\000i\000n\000g\000s\000V\000i\000e\000w\000C\000o\000n\000t\000r\000o\000l\000l\000e\000r\000\050\000\051\000\040\000C\000a\000t\000e\000g\000o\000r\000y\000\040\000R\000e\000f\000e\000r\000e\000n\000c\000e}{chapter.4}% 60
\BOOKMARK [1][-]{section.4.13}{\376\377\000S\000y\000n\000c\000D\000a\000t\000a\000V\000i\000e\000w\000C\000o\000n\000t\000r\000o\000l\000l\000e\000r\000\040\000C\000l\000a\000s\000s\000\040\000R\000e\000f\000e\000r\000e\000n\000c\000e}{chapter.4}% 61
\BOOKMARK [1][-]{section.4.14}{\376\377\000S\000y\000n\000c\000D\000a\000t\000a\000V\000i\000e\000w\000C\000o\000n\000t\000r\000o\000l\000l\000e\000r\000\050\000\051\000\040\000C\000a\000t\000e\000g\000o\000r\000y\000\040\000R\000e\000f\000e\000r\000e\000n\000c\000e}{chapter.4}% 62
\BOOKMARK [2][-]{subsection.4.14.1}{\376\377\000D\000e\000t\000a\000i\000l\000e\000d\000\040\000D\000e\000s\000c\000r\000i\000p\000t\000i\000o\000n}{section.4.14}% 63
\BOOKMARK [2][-]{subsection.4.14.2}{\376\377\000P\000r\000o\000p\000e\000r\000t\000y\000\040\000D\000o\000c\000u\000m\000e\000n\000t\000a\000t\000i\000o\000n}{section.4.14}% 64
\BOOKMARK [3][-]{subsubsection.4.14.2.1}{\376\377\000d\000i\000s\000c\000o\000v\000e\000r}{subsection.4.14.2}% 65
\BOOKMARK [3][-]{subsubsection.4.14.2.2}{\376\377\000t\000e\000s\000t\000T\000e\000x\000t\000V\000i\000e\000w}{subsection.4.14.2}% 66
\BOOKMARK [1][-]{section.4.15}{\376\377\000V\000i\000e\000w\000C\000o\000n\000t\000r\000o\000l\000l\000e\000r\000\040\000C\000l\000a\000s\000s\000\040\000R\000e\000f\000e\000r\000e\000n\000c\000e}{chapter.4}% 67
\BOOKMARK [1][-]{section.4.16}{\376\377\000V\000i\000e\000w\000C\000o\000n\000t\000r\000o\000l\000l\000e\000r\000\050\000\051\000\040\000C\000a\000t\000e\000g\000o\000r\000y\000\040\000R\000e\000f\000e\000r\000e\000n\000c\000e}{chapter.4}% 68
\BOOKMARK [2][-]{subsection.4.16.1}{\376\377\000D\000e\000t\000a\000i\000l\000e\000d\000\040\000D\000e\000s\000c\000r\000i\000p\000t\000i\000o\000n}{section.4.16}% 69
\BOOKMARK [0][-]{chapter.5}{\376\377\000F\000i\000l\000e\000\040\000D\000o\000c\000u\000m\000e\000n\000t\000a\000t\000i\000o\000n}{}% 70
\BOOKMARK [1][-]{section.5.1}{\376\377\000I\000n\000P\000a\000c\000e\000/\000I\000n\000P\000a\000c\000e\000/\000B\000T\000S\000e\000n\000d\000R\000e\000c\000.\000h\000\040\000F\000i\000l\000e\000\040\000R\000e\000f\000e\000r\000e\000n\000c\000e}{chapter.5}% 71
\BOOKMARK [2][-]{subsection.5.1.1}{\376\377\000D\000e\000t\000a\000i\000l\000e\000d\000\040\000D\000e\000s\000c\000r\000i\000p\000t\000i\000o\000n}{section.5.1}% 72
\BOOKMARK [2][-]{subsection.5.1.2}{\376\377\000M\000a\000c\000r\000o\000\040\000D\000e\000f\000i\000n\000i\000t\000i\000o\000n\000\040\000D\000o\000c\000u\000m\000e\000n\000t\000a\000t\000i\000o\000n}{section.5.1}% 73
\BOOKMARK [3][-]{subsubsection.5.1.2.1}{\376\377\000B\000L\000E\000\137\000U\000U\000I\000D}{subsection.5.1.2}% 74
\BOOKMARK [3][-]{subsubsection.5.1.2.2}{\376\377\000P\000I}{subsection.5.1.2}% 75
\BOOKMARK [3][-]{subsubsection.5.1.2.3}{\376\377\000R\000A\000D\000I\000U\000S}{subsection.5.1.2}% 76
\BOOKMARK [3][-]{subsubsection.5.1.2.4}{\376\377\000R\000W\000T\000\137\000B\000L\000E\000\137\000S\000E\000R\000V\000I\000C\000E\000\137\000C\000H\000A\000N\000G\000E\000D\000\137\000S\000T\000A\000T\000U\000S\000\137\000N\000O\000T\000I\000F\000I\000C\000A\000T\000I\000O\000N}{subsection.5.1.2}% 77
\BOOKMARK [3][-]{subsubsection.5.1.2.5}{\376\377\000R\000X\000\137\000U\000U\000I\000D}{subsection.5.1.2}% 78
\BOOKMARK [3][-]{subsubsection.5.1.2.6}{\376\377\000t\000o\000\137\000r\000a\000d}{subsection.5.1.2}% 79
\BOOKMARK [3][-]{subsubsection.5.1.2.7}{\376\377\000T\000X\000\137\000U\000U\000I\000D}{subsection.5.1.2}% 80
\BOOKMARK [0][-]{section*.14}{\376\377\000I\000n\000d\000e\000x}{}% 81
